<?xml version="1.0" encoding="UTF-8"?>
<!-- Generated by org.testng.reporters.JUnitXMLReporter -->
<testsuite hostname="Pawans-macbook.local" name="HomePage Test" tests="1" failures="0" timestamp="19 Jan 2018 02:11:01 GMT" time="0.21" errors="0">
  <testcase name="@BeforeSuite setupTestEnvironment" time="0.0" classname="Tests.TestRunner">
    <failure type="org.testng.TestNGException" message="
Parameter &amp;apos;devicePort&amp;apos; is required by @Configuration on method setupTestEnvironment but has not been marked @Optional or defined
in /Users/pawan.sharama/Documents/workspace/SixtAppTestAutomation/testng.xml">
      <![CDATA[org.testng.TestNGException: 
Parameter 'devicePort' is required by @Configuration on method setupTestEnvironment but has not been marked @Optional or defined
in /Users/pawan.sharama/Documents/workspace/SixtAppTestAutomation/testng.xml
... Removed 15 stack frames]]>
    </failure>
  </testcase> <!-- @BeforeSuite setupTestEnvironment -->
  <testcase name="feature" time="0.001" classname="Tests.TestRunner">
    <skipped/>
  </testcase> <!-- feature -->
</testsuite> <!-- HomePage Test -->
