<?xml version="1.0" encoding="UTF-8"?>
<testng-results skipped="1" failed="0" total="1" passed="0">
  <reporter-output>
  </reporter-output>
  <suite name="BDD Test Suite" duration-ms="210" started-at="2018-01-19T02:11:01Z" finished-at="2018-01-19T02:11:01Z">
    <groups>
      <group name="cucumber">
        <method signature="TestRunner.feature(cucumber.api.testng.CucumberFeatureWrapper)[pri:0, instance:Tests.TestRunner@3a883ce7]" name="feature" class="Tests.TestRunner"/>
      </group> <!-- cucumber -->
    </groups>
    <test name="HomePage Test" duration-ms="210" started-at="2018-01-19T02:11:01Z" finished-at="2018-01-19T02:11:01Z">
      <class name="Tests.TestRunner">
        <test-method status="FAIL" signature="setupTestEnvironment(int, java.lang.String)[pri:0, instance:Tests.TestRunner@3a883ce7]" name="setupTestEnvironment" is-config="true" duration-ms="0" started-at="2018-01-19T07:41:01Z" finished-at="2018-01-19T07:41:01Z">
          <exception class="org.testng.TestNGException">
            <message>
              <![CDATA[
Parameter 'devicePort' is required by @Configuration on method setupTestEnvironment but has not been marked @Optional or defined
in /Users/pawan.sharama/Documents/workspace/SixtAppTestAutomation/testng.xml]]>
            </message>
            <full-stacktrace>
              <![CDATA[org.testng.TestNGException: 
Parameter 'devicePort' is required by @Configuration on method setupTestEnvironment but has not been marked @Optional or defined
in /Users/pawan.sharama/Documents/workspace/SixtAppTestAutomation/testng.xml
	at org.testng.internal.Parameters.createParameters(Parameters.java:154)
	at org.testng.internal.Parameters.createParameters(Parameters.java:361)
	at org.testng.internal.Parameters.createConfigurationParameters(Parameters.java:84)
	at org.testng.internal.Invoker.invokeConfigurations(Invoker.java:197)
	at org.testng.internal.Invoker.invokeConfigurations(Invoker.java:138)
	at org.testng.SuiteRunner.privateRun(SuiteRunner.java:298)
	at org.testng.SuiteRunner.run(SuiteRunner.java:261)
	at org.testng.SuiteRunnerWorker.runSuite(SuiteRunnerWorker.java:52)
	at org.testng.SuiteRunnerWorker.run(SuiteRunnerWorker.java:86)
	at org.testng.TestNG.runSuitesSequentially(TestNG.java:1191)
	at org.testng.TestNG.runSuitesLocally(TestNG.java:1116)
	at org.testng.TestNG.run(TestNG.java:1024)
	at org.testng.remote.AbstractRemoteTestNG.run(AbstractRemoteTestNG.java:126)
	at org.testng.remote.RemoteTestNG.initAndRun(RemoteTestNG.java:137)
	at org.testng.remote.RemoteTestNG.main(RemoteTestNG.java:58)
]]>
            </full-stacktrace>
          </exception> <!-- org.testng.TestNGException -->
          <reporter-output>
          </reporter-output>
        </test-method> <!-- setupTestEnvironment -->
        <test-method status="PASS" signature="setUpClass()[pri:0, instance:Tests.TestRunner@3a883ce7]" name="setUpClass" is-config="true" duration-ms="135" started-at="2018-01-19T07:41:01Z" finished-at="2018-01-19T07:41:01Z">
          <reporter-output>
          </reporter-output>
        </test-method> <!-- setUpClass -->
        <test-method status="SKIP" signature="feature(cucumber.api.testng.CucumberFeatureWrapper)[pri:0, instance:Tests.TestRunner@3a883ce7]" name="feature" duration-ms="1" started-at="2018-01-19T07:41:01Z" description="Runs Cucumber Feature" data-provider="features" finished-at="2018-01-19T07:41:01Z">
          <params>
            <param index="0">
              <value>
                <![CDATA[HomePage]]>
              </value>
            </param>
          </params>
          <reporter-output>
          </reporter-output>
        </test-method> <!-- feature -->
        <test-method status="PASS" signature="tearDownClass()[pri:0, instance:Tests.TestRunner@3a883ce7]" name="tearDownClass" is-config="true" duration-ms="13" started-at="2018-01-19T07:41:01Z" finished-at="2018-01-19T07:41:01Z">
          <reporter-output>
          </reporter-output>
        </test-method> <!-- tearDownClass -->
      </class> <!-- Tests.TestRunner -->
    </test> <!-- HomePage Test -->
  </suite> <!-- BDD Test Suite -->
</testng-results>
